{"/Users/jurban/PycharmProjects/captionacc/apps/captionacc-web/app/lib/formatDate.ts": {"path":"/Users/jurban/PycharmProjects/captionacc/apps/captionacc-web/app/lib/formatDate.ts","statementMap":{"0":{"start":{"line":2,"column":2},"end":{"line":7,"column":null}}},"fnMap":{"0":{"name":"formatDate","decl":{"start":{"line":1,"column":16},"end":{"line":1,"column":27}},"loc":{"start":{"line":1,"column":47},"end":{"line":8,"column":null}},"line":1}},"branchMap":{},"s":{"0":20},"f":{"0":20},"b":{},"meta":{"lastBranch":0,"lastFunction":1,"lastStatement":1,"seen":{"f:1:16:1:27":0,"s:2:2:7:Infinity":0}}}
}
